<?xml version="1.0" encoding="UTF-8"?>
<!-- Generated by org.testng.reporters.JUnitReportReporter -->
<testsuite skipped="0" hostname="DESKTOP-50O4S5L" name="testcases.CategoryPageTest" tests="6" failures="0" timestamp="10 Jul 2020 07:50:48 GMT" time="179.030" errors="0">
  <testcase name="testSortingDes" time="60.490" classname="testcases.CategoryPageTest"/>
  <testcase name="tetSortingAcs" time="24.875" classname="testcases.CategoryPageTest"/>
  <testcase name="testAddProductCompare" time="34.671" classname="testcases.CategoryPageTest"/>
  <testcase name="testAddProductWishList" time="35.970" classname="testcases.CategoryPageTest"/>
  <testcase name="addProductWithOptions" time="15.014" classname="testcases.CategoryPageTest"/>
  <testcase name="combineFilter" time="8.010" classname="testcases.CategoryPageTest"/>
</testsuite> <!-- testcases.CategoryPageTest -->
