<?xml version="1.0" encoding="UTF-8"?>
<!-- Generated by org.testng.reporters.JUnitReportReporter -->
<testsuite skipped="0" hostname="DESKTOP-50O4S5L" name="testcases.SignUpTest" tests="5" failures="0" timestamp="10 Jul 2020 11:20:30 GMT" time="32.121" errors="0">
  <testcase name="checkRequiredForm" time="4.814" classname="testcases.SignUpTest"/>
  <testcase name="checkRequiredForm" time="4.760" classname="testcases.SignUpTest"/>
  <testcase name="checkRequiredForm" time="5.170" classname="testcases.SignUpTest"/>
  <testcase name="checkRequiredForm" time="5.055" classname="testcases.SignUpTest"/>
  <testcase name="checkRequiredForm" time="12.322" classname="testcases.SignUpTest"/>
</testsuite> <!-- testcases.SignUpTest -->
