<?xml version="1.0" encoding="UTF-8"?>
<!-- Generated by org.testng.reporters.JUnitReportReporter -->
<testsuite skipped="0" hostname="DESKTOP-50O4S5L" name="testcases.LogoutTest" tests="2" failures="0" timestamp="10 Jul 2020 11:17:50 GMT" time="29.900" errors="0">
  <testcase name="canLogin" time="18.878" classname="testcases.LogoutTest"/>
  <testcase name="logout" time="11.022" classname="testcases.LogoutTest"/>
</testsuite> <!-- testcases.LogoutTest -->
